{
  "RSpec": {
    "coverage": {
      "/home/dauntless-strategy-1036/tic-tac-toe-rb-bootcamp-prep-000/lib/tic_tac_toe.rb": [
        null,
        1,
        null,
        null,
        null,
        null,
        null,
        null,
        null,
        null,
        null,
        1,
        0,
        0,
        0,
        0,
        0,
        null,
        null,
        1,
        18,
        18,
        18,
        null,
        null,
        1,
        18,
        null,
        null,
        1,
        221,
        190,
        null,
        31,
        null,
        null,
        null,
        1,
        18,
        null,
        null,
        1,
        18,
        18,
        18,
        162,
        27,
        null,
        162,
        null,
        18,
        null,
        null,
        1,
        18,
        11,
        null,
        7,
        null,
        null,
        null,
        1,
        18,
        18,
        18,
        18,
        18,
        null,
        0,
        0,
        null,
        null,
        null,
        1,
        15,
        101,
        null,
        null,
        null,
        1,
        16,
        69,
        null,
        null,
        null,
        1,
        16,
        null,
        null,
        1,
        19,
        null,
        null,
        1,
        0,
        null,
        null,
        0,
        0,
        0,
        null,
        null,
        null,
        1,
        12,
        18,
        null,
        null,
        null,
        null,
        null,
        null
      ]
    },
    "timestamp": 1613203838
  }
}
