{
  "RSpec": {
    "coverage": {
      "/home/dauntless-strategy-1036/tic-tac-toe-rb-bootcamp-prep-000/lib/tic_tac_toe.rb": [
        null,
        1,
        null,
        null,
        null,
        null,
        null,
        null,
        null,
        null,
        null,
        1,
        0,
        0,
        0,
        0,
        0,
        null,
        null,
        1,
        145,
        145,
        145,
        null,
        null,
        1,
        7,
        null,
        null,
        1,
        80,
        80,
        null,
        0,
        null,
        null,
        null,
        1,
        145,
        null,
        null,
        1,
        7,
        7,
        7,
        63,
        0,
        null,
        63,
        null,
        7,
        null,
        null,
        1,
        7,
        7,
        null,
        0,
        null,
        null,
        null,
        1,
        148,
        148,
        145,
        145,
        7,
        null,
        138,
        138,
        null,
        null,
        null,
        1,
        2,
        16,
        null,
        null,
        null,
        1,
        2,
        4,
        null,
        null,
        null,
        1,
        2,
        null,
        null,
        1,
        3,
        null,
        null,
        1,
        0,
        null,
        null,
        0,
        0,
        0,
        null,
        null,
        null,
        1,
        12,
        null,
        7,
        0,
        0,
        null,
        0,
        null,
        null,
        null,
        null,
        null,
        null,
        null
      ]
    },
    "timestamp": 1613203698
  }
}
